2017-04-25 17:17:07,003 CRIT Supervisor running as root (no user in config file)
2017-04-25 17:17:07,287 INFO RPC interface 'supervisor' initialized
2017-04-25 17:17:07,287 CRIT Server 'inet_http_server' running without any HTTP authentication checking
2017-04-25 17:17:07,287 INFO supervisord started with pid 1
2017-04-25 17:17:08,289 INFO spawned: 'httpd' with pid 9
2017-04-25 17:17:08,290 INFO spawned: 'sshd' with pid 10
2017-04-25 17:17:08,291 INFO spawned: 'mysql' with pid 11
2017-04-25 17:17:10,115 INFO success: httpd entered RUNNING state, process has stayed up for > than 1 seconds (startsecs)
2017-04-25 17:17:10,115 INFO success: sshd entered RUNNING state, process has stayed up for > than 1 seconds (startsecs)
2017-04-25 17:17:10,115 INFO success: mysql entered RUNNING state, process has stayed up for > than 1 seconds (startsecs)
2017-04-25 23:00:35,806 WARN received SIGTERM indicating exit request
2017-04-25 23:00:35,810 INFO waiting for httpd, sshd, mysql to die
2017-04-25 23:00:36,811 INFO stopped: mysql (exit status 0)
2017-04-25 23:00:36,812 INFO stopped: sshd (exit status 255)
2017-04-25 23:00:37,172 INFO stopped: httpd (exit status 0)
2017-04-26 18:48:51,388 CRIT Supervisor running as root (no user in config file)
2017-04-26 18:48:51,496 INFO RPC interface 'supervisor' initialized
2017-04-26 18:48:51,497 CRIT Server 'inet_http_server' running without any HTTP authentication checking
2017-04-26 18:48:51,497 INFO supervisord started with pid 1
2017-04-26 18:48:52,498 INFO spawned: 'httpd' with pid 9
2017-04-26 18:48:52,499 INFO spawned: 'sshd' with pid 10
2017-04-26 18:48:52,500 INFO spawned: 'mysql' with pid 11
2017-04-26 18:48:53,501 INFO success: httpd entered RUNNING state, process has stayed up for > than 1 seconds (startsecs)
2017-04-26 18:48:53,501 INFO success: sshd entered RUNNING state, process has stayed up for > than 1 seconds (startsecs)
2017-04-26 18:48:53,502 INFO success: mysql entered RUNNING state, process has stayed up for > than 1 seconds (startsecs)
2017-04-27 10:29:12,026 CRIT Supervisor running as root (no user in config file)
2017-04-27 10:29:12,051 INFO RPC interface 'supervisor' initialized
2017-04-27 10:29:12,052 CRIT Server 'inet_http_server' running without any HTTP authentication checking
2017-04-27 10:29:12,058 INFO supervisord started with pid 1
2017-04-27 10:29:13,062 INFO spawned: 'httpd' with pid 7
2017-04-27 10:29:13,065 INFO spawned: 'sshd' with pid 8
2017-04-27 10:29:13,068 INFO spawned: 'mysql' with pid 9
2017-04-27 10:29:14,392 INFO success: httpd entered RUNNING state, process has stayed up for > than 1 seconds (startsecs)
2017-04-27 10:29:14,394 INFO success: sshd entered RUNNING state, process has stayed up for > than 1 seconds (startsecs)
2017-04-27 10:29:14,395 INFO success: mysql entered RUNNING state, process has stayed up for > than 1 seconds (startsecs)
2017-04-27 12:04:58,954 CRIT Supervisor running as root (no user in config file)
2017-04-27 12:04:59,017 INFO RPC interface 'supervisor' initialized
2017-04-27 12:04:59,018 CRIT Server 'inet_http_server' running without any HTTP authentication checking
2017-04-27 12:04:59,029 INFO supervisord started with pid 1
2017-04-27 12:05:00,038 INFO spawned: 'httpd' with pid 7
2017-04-27 12:05:00,049 INFO spawned: 'sshd' with pid 8
2017-04-27 12:05:00,069 INFO spawned: 'mysql' with pid 9
2017-04-27 12:05:01,747 INFO success: httpd entered RUNNING state, process has stayed up for > than 1 seconds (startsecs)
2017-04-27 12:05:01,748 INFO success: sshd entered RUNNING state, process has stayed up for > than 1 seconds (startsecs)
2017-04-27 12:05:01,750 INFO success: mysql entered RUNNING state, process has stayed up for > than 1 seconds (startsecs)
2017-04-27 13:51:36,004 CRIT Supervisor running as root (no user in config file)
2017-04-27 13:51:36,234 INFO RPC interface 'supervisor' initialized
2017-04-27 13:51:36,253 CRIT Server 'inet_http_server' running without any HTTP authentication checking
2017-04-27 13:51:36,262 INFO supervisord started with pid 1
2017-04-27 13:51:37,271 INFO spawned: 'httpd' with pid 7
2017-04-27 13:51:37,277 INFO spawned: 'sshd' with pid 8
2017-04-27 13:51:37,282 INFO spawned: 'mysql' with pid 9
2017-04-27 13:51:39,053 INFO success: httpd entered RUNNING state, process has stayed up for > than 1 seconds (startsecs)
2017-04-27 13:51:39,054 INFO success: sshd entered RUNNING state, process has stayed up for > than 1 seconds (startsecs)
2017-04-27 13:51:39,055 INFO success: mysql entered RUNNING state, process has stayed up for > than 1 seconds (startsecs)
2017-06-16 08:23:57,133 CRIT Supervisor running as root (no user in config file)
2017-06-16 08:23:57,239 INFO RPC interface 'supervisor' initialized
2017-06-16 08:23:57,242 CRIT Server 'inet_http_server' running without any HTTP authentication checking
2017-06-16 08:23:57,247 INFO supervisord started with pid 1
2017-06-16 08:23:58,254 INFO spawned: 'httpd' with pid 7
2017-06-16 08:23:58,264 INFO spawned: 'sshd' with pid 8
2017-06-16 08:23:58,278 INFO spawned: 'mysql' with pid 9
2017-06-16 08:23:59,791 INFO success: httpd entered RUNNING state, process has stayed up for > than 1 seconds (startsecs)
2017-06-16 08:23:59,792 INFO success: sshd entered RUNNING state, process has stayed up for > than 1 seconds (startsecs)
2017-06-16 08:23:59,793 INFO success: mysql entered RUNNING state, process has stayed up for > than 1 seconds (startsecs)
2017-06-20 13:31:27,698 CRIT Supervisor running as root (no user in config file)
2017-06-20 13:31:27,742 INFO RPC interface 'supervisor' initialized
2017-06-20 13:31:27,743 CRIT Server 'inet_http_server' running without any HTTP authentication checking
2017-06-20 13:31:27,747 INFO supervisord started with pid 1
2017-06-20 13:31:28,752 INFO spawned: 'httpd' with pid 8
2017-06-20 13:31:28,762 INFO spawned: 'sshd' with pid 9
2017-06-20 13:31:28,770 INFO spawned: 'mysql' with pid 10
2017-06-20 13:31:30,382 INFO success: httpd entered RUNNING state, process has stayed up for > than 1 seconds (startsecs)
2017-06-20 13:31:30,383 INFO success: sshd entered RUNNING state, process has stayed up for > than 1 seconds (startsecs)
2017-06-20 13:31:30,384 INFO success: mysql entered RUNNING state, process has stayed up for > than 1 seconds (startsecs)
2017-06-20 13:37:09,523 WARN received SIGTERM indicating exit request
2017-06-20 13:37:09,525 INFO waiting for httpd, sshd, mysql to die
2017-06-20 13:37:09,528 INFO stopped: mysql (exit status 0)
2017-06-20 13:37:09,531 INFO stopped: sshd (exit status 255)
2017-06-20 13:37:09,647 INFO stopped: httpd (exit status 0)
2017-06-26 09:11:23,001 CRIT Supervisor running as root (no user in config file)
2017-06-26 09:11:23,052 INFO RPC interface 'supervisor' initialized
2017-06-26 09:11:23,053 CRIT Server 'inet_http_server' running without any HTTP authentication checking
2017-06-26 09:11:23,057 INFO supervisord started with pid 1
2017-06-26 09:11:24,063 INFO spawned: 'httpd' with pid 9
2017-06-26 09:11:24,069 INFO spawned: 'sshd' with pid 10
2017-06-26 09:11:24,076 INFO spawned: 'mysql' with pid 11
2017-06-26 09:11:25,553 INFO success: httpd entered RUNNING state, process has stayed up for > than 1 seconds (startsecs)
2017-06-26 09:11:25,555 INFO success: sshd entered RUNNING state, process has stayed up for > than 1 seconds (startsecs)
2017-06-26 09:11:25,557 INFO success: mysql entered RUNNING state, process has stayed up for > than 1 seconds (startsecs)
2017-06-26 09:29:58,924 WARN received SIGTERM indicating exit request
2017-06-26 09:29:58,930 INFO waiting for httpd, sshd, mysql to die
2017-06-26 09:29:58,931 INFO stopped: mysql (exit status 0)
2017-06-26 09:29:58,934 INFO stopped: sshd (exit status 255)
2017-06-26 09:29:59,051 INFO stopped: httpd (exit status 0)
2017-06-26 09:38:18,774 CRIT Supervisor running as root (no user in config file)
2017-06-26 09:38:18,800 INFO RPC interface 'supervisor' initialized
2017-06-26 09:38:18,801 CRIT Server 'inet_http_server' running without any HTTP authentication checking
2017-06-26 09:38:18,806 INFO supervisord started with pid 1
2017-06-26 09:38:19,811 INFO spawned: 'httpd' with pid 9
2017-06-26 09:38:19,815 INFO spawned: 'sshd' with pid 10
2017-06-26 09:38:19,824 INFO spawned: 'mysql' with pid 11
2017-06-26 09:38:21,083 INFO success: httpd entered RUNNING state, process has stayed up for > than 1 seconds (startsecs)
2017-06-26 09:38:21,085 INFO success: sshd entered RUNNING state, process has stayed up for > than 1 seconds (startsecs)
2017-06-26 09:38:21,086 INFO success: mysql entered RUNNING state, process has stayed up for > than 1 seconds (startsecs)
2017-06-26 09:38:36,164 WARN received SIGTERM indicating exit request
2017-06-26 09:38:36,166 INFO waiting for httpd, sshd, mysql to die
2017-06-26 09:38:36,171 INFO stopped: mysql (exit status 0)
2017-06-26 09:38:36,173 INFO stopped: sshd (exit status 255)
2017-06-26 09:38:36,285 INFO stopped: httpd (exit status 0)
2017-06-26 09:38:45,506 CRIT Supervisor running as root (no user in config file)
2017-06-26 09:38:45,529 INFO RPC interface 'supervisor' initialized
2017-06-26 09:38:45,530 CRIT Server 'inet_http_server' running without any HTTP authentication checking
2017-06-26 09:38:45,541 INFO supervisord started with pid 1
2017-06-26 09:38:46,547 INFO spawned: 'httpd' with pid 9
2017-06-26 09:38:46,550 INFO spawned: 'sshd' with pid 10
2017-06-26 09:38:46,554 INFO spawned: 'mysql' with pid 11
2017-06-26 09:38:47,860 INFO success: httpd entered RUNNING state, process has stayed up for > than 1 seconds (startsecs)
2017-06-26 09:38:47,862 INFO success: sshd entered RUNNING state, process has stayed up for > than 1 seconds (startsecs)
2017-06-26 09:38:47,864 INFO success: mysql entered RUNNING state, process has stayed up for > than 1 seconds (startsecs)
2017-06-26 18:04:58,803 WARN received SIGTERM indicating exit request
2017-06-26 18:04:58,804 INFO waiting for httpd, sshd, mysql to die
2017-06-26 18:04:59,810 INFO stopped: mysql (exit status 0)
2017-06-26 18:04:59,813 INFO stopped: sshd (exit status 255)
2017-06-26 18:04:59,919 INFO stopped: httpd (exit status 0)
2017-06-28 15:10:03,251 CRIT Supervisor running as root (no user in config file)
2017-06-28 15:10:03,290 INFO RPC interface 'supervisor' initialized
2017-06-28 15:10:03,292 CRIT Server 'inet_http_server' running without any HTTP authentication checking
2017-06-28 15:10:03,302 INFO supervisord started with pid 1
2017-06-28 15:10:04,306 INFO spawned: 'httpd' with pid 9
2017-06-28 15:10:04,310 INFO spawned: 'sshd' with pid 10
2017-06-28 15:10:04,315 INFO spawned: 'mysql' with pid 11
2017-06-28 15:10:05,576 INFO success: httpd entered RUNNING state, process has stayed up for > than 1 seconds (startsecs)
2017-06-28 15:10:05,578 INFO success: sshd entered RUNNING state, process has stayed up for > than 1 seconds (startsecs)
2017-06-28 15:10:05,580 INFO success: mysql entered RUNNING state, process has stayed up for > than 1 seconds (startsecs)
2017-06-29 15:46:53,435 WARN received SIGTERM indicating exit request
2017-06-29 15:46:53,437 INFO waiting for httpd, sshd, mysql to die
2017-06-29 15:46:53,461 INFO stopped: mysql (exit status 0)
2017-06-29 15:46:53,470 INFO stopped: sshd (exit status 255)
2017-06-29 15:46:53,634 INFO stopped: httpd (exit status 0)
2017-06-29 17:53:46,079 CRIT Supervisor running as root (no user in config file)
2017-06-29 17:53:46,167 INFO RPC interface 'supervisor' initialized
2017-06-29 17:53:46,169 CRIT Server 'inet_http_server' running without any HTTP authentication checking
2017-06-29 17:53:46,196 INFO supervisord started with pid 1
2017-06-29 17:53:47,204 INFO spawned: 'httpd' with pid 9
2017-06-29 17:53:47,208 INFO spawned: 'sshd' with pid 10
2017-06-29 17:53:47,213 INFO spawned: 'mysql' with pid 11
2017-06-29 17:53:48,674 INFO success: httpd entered RUNNING state, process has stayed up for > than 1 seconds (startsecs)
2017-06-29 17:53:48,675 INFO success: sshd entered RUNNING state, process has stayed up for > than 1 seconds (startsecs)
2017-06-29 17:53:48,676 INFO success: mysql entered RUNNING state, process has stayed up for > than 1 seconds (startsecs)
2017-06-29 21:34:22,177 WARN received SIGTERM indicating exit request
2017-06-29 21:34:22,178 INFO waiting for httpd, sshd, mysql to die
2017-06-29 21:34:22,183 INFO stopped: mysql (exit status 0)
2017-06-29 21:34:22,187 INFO stopped: sshd (exit status 255)
2017-06-29 21:34:22,293 INFO stopped: httpd (exit status 0)
2017-06-30 13:05:22,198 CRIT Supervisor running as root (no user in config file)
2017-06-30 13:05:22,236 INFO RPC interface 'supervisor' initialized
2017-06-30 13:05:22,237 CRIT Server 'inet_http_server' running without any HTTP authentication checking
2017-06-30 13:05:22,240 INFO supervisord started with pid 1
2017-06-30 13:05:23,246 INFO spawned: 'httpd' with pid 9
2017-06-30 13:05:23,254 INFO spawned: 'sshd' with pid 10
2017-06-30 13:05:23,262 INFO spawned: 'mysql' with pid 11
2017-06-30 13:05:24,758 INFO success: httpd entered RUNNING state, process has stayed up for > than 1 seconds (startsecs)
2017-06-30 13:05:24,759 INFO success: sshd entered RUNNING state, process has stayed up for > than 1 seconds (startsecs)
2017-06-30 13:05:24,759 INFO success: mysql entered RUNNING state, process has stayed up for > than 1 seconds (startsecs)
2017-06-30 21:01:13,543 WARN received SIGTERM indicating exit request
2017-06-30 21:01:13,545 INFO waiting for httpd, sshd, mysql to die
2017-06-30 21:01:13,552 INFO stopped: mysql (exit status 0)
2017-06-30 21:01:13,556 INFO stopped: sshd (exit status 255)
2017-06-30 21:01:13,639 INFO stopped: httpd (exit status 0)
2017-06-30 21:01:42,037 CRIT Supervisor running as root (no user in config file)
2017-06-30 21:01:42,074 INFO RPC interface 'supervisor' initialized
2017-06-30 21:01:42,075 CRIT Server 'inet_http_server' running without any HTTP authentication checking
2017-06-30 21:01:42,079 INFO supervisord started with pid 1
2017-06-30 21:01:43,083 INFO spawned: 'httpd' with pid 8
2017-06-30 21:01:43,087 INFO spawned: 'sshd' with pid 9
2017-06-30 21:01:43,095 INFO spawned: 'mysql' with pid 10
2017-06-30 21:01:44,580 INFO success: httpd entered RUNNING state, process has stayed up for > than 1 seconds (startsecs)
2017-06-30 21:01:44,581 INFO success: sshd entered RUNNING state, process has stayed up for > than 1 seconds (startsecs)
2017-06-30 21:01:44,582 INFO success: mysql entered RUNNING state, process has stayed up for > than 1 seconds (startsecs)
2017-07-03 06:58:51,288 CRIT Supervisor running as root (no user in config file)
2017-07-03 06:58:51,358 INFO RPC interface 'supervisor' initialized
2017-07-03 06:58:51,360 CRIT Server 'inet_http_server' running without any HTTP authentication checking
2017-07-03 06:58:51,369 INFO supervisord started with pid 1
2017-07-03 06:58:52,375 INFO spawned: 'httpd' with pid 8
2017-07-03 06:58:52,383 INFO spawned: 'sshd' with pid 9
2017-07-03 06:58:52,400 INFO spawned: 'mysql' with pid 10
2017-07-03 06:58:53,865 INFO success: httpd entered RUNNING state, process has stayed up for > than 1 seconds (startsecs)
2017-07-03 06:58:53,866 INFO success: sshd entered RUNNING state, process has stayed up for > than 1 seconds (startsecs)
2017-07-03 06:58:53,867 INFO success: mysql entered RUNNING state, process has stayed up for > than 1 seconds (startsecs)
2017-07-03 07:01:01,545 WARN received SIGTERM indicating exit request
2017-07-03 07:01:01,547 INFO waiting for httpd, sshd, mysql to die
2017-07-03 07:01:01,556 INFO stopped: mysql (exit status 0)
2017-07-03 07:01:01,560 INFO stopped: sshd (exit status 255)
2017-07-03 07:01:01,675 INFO stopped: httpd (exit status 0)
2017-07-03 07:11:05,793 CRIT Supervisor running as root (no user in config file)
2017-07-03 07:11:05,841 INFO RPC interface 'supervisor' initialized
2017-07-03 07:11:05,842 CRIT Server 'inet_http_server' running without any HTTP authentication checking
2017-07-03 07:11:05,846 INFO supervisord started with pid 1
2017-07-03 07:11:06,851 INFO spawned: 'httpd' with pid 9
2017-07-03 07:11:06,856 INFO spawned: 'sshd' with pid 10
2017-07-03 07:11:06,866 INFO spawned: 'mysql' with pid 11
2017-07-03 07:11:08,343 INFO success: httpd entered RUNNING state, process has stayed up for > than 1 seconds (startsecs)
2017-07-03 07:11:08,344 INFO success: sshd entered RUNNING state, process has stayed up for > than 1 seconds (startsecs)
2017-07-03 07:11:08,344 INFO success: mysql entered RUNNING state, process has stayed up for > than 1 seconds (startsecs)
2017-07-03 17:01:05,579 WARN received SIGTERM indicating exit request
2017-07-03 17:01:05,580 INFO waiting for httpd, sshd, mysql to die
2017-07-03 17:01:05,590 INFO stopped: mysql (exit status 0)
2017-07-03 17:01:05,593 INFO stopped: sshd (exit status 255)
2017-07-03 17:01:05,705 INFO stopped: httpd (exit status 0)
2017-07-03 17:01:36,009 CRIT Supervisor running as root (no user in config file)
2017-07-03 17:01:36,059 INFO RPC interface 'supervisor' initialized
2017-07-03 17:01:36,060 CRIT Server 'inet_http_server' running without any HTTP authentication checking
2017-07-03 17:01:36,064 INFO supervisord started with pid 1
2017-07-03 17:01:37,067 INFO spawned: 'httpd' with pid 10
2017-07-03 17:01:37,070 INFO spawned: 'sshd' with pid 11
2017-07-03 17:01:37,075 INFO spawned: 'mysql' with pid 12
2017-07-03 17:01:38,454 INFO success: httpd entered RUNNING state, process has stayed up for > than 1 seconds (startsecs)
2017-07-03 17:01:38,455 INFO success: sshd entered RUNNING state, process has stayed up for > than 1 seconds (startsecs)
2017-07-03 17:01:38,456 INFO success: mysql entered RUNNING state, process has stayed up for > than 1 seconds (startsecs)
2017-07-03 19:25:32,389 WARN received SIGTERM indicating exit request
2017-07-03 19:25:32,391 INFO waiting for httpd, sshd, mysql to die
2017-07-03 19:25:32,398 INFO stopped: mysql (exit status 0)
2017-07-03 19:25:32,404 INFO stopped: sshd (exit status 255)
2017-07-03 19:25:32,481 INFO stopped: httpd (exit status 0)
2017-07-03 19:26:05,679 CRIT Supervisor running as root (no user in config file)
2017-07-03 19:26:05,711 INFO RPC interface 'supervisor' initialized
2017-07-03 19:26:05,712 CRIT Server 'inet_http_server' running without any HTTP authentication checking
2017-07-03 19:26:05,715 INFO supervisord started with pid 1
2017-07-03 19:26:06,719 INFO spawned: 'httpd' with pid 8
2017-07-03 19:26:06,721 INFO spawned: 'sshd' with pid 9
2017-07-03 19:26:06,730 INFO spawned: 'mysql' with pid 10
2017-07-03 19:26:08,114 INFO success: httpd entered RUNNING state, process has stayed up for > than 1 seconds (startsecs)
2017-07-03 19:26:08,115 INFO success: sshd entered RUNNING state, process has stayed up for > than 1 seconds (startsecs)
2017-07-03 19:26:08,117 INFO success: mysql entered RUNNING state, process has stayed up for > than 1 seconds (startsecs)
2017-07-03 20:04:02,831 WARN received SIGTERM indicating exit request
2017-07-03 20:04:02,833 INFO waiting for httpd, sshd, mysql to die
2017-07-03 20:04:02,847 INFO stopped: mysql (exit status 0)
2017-07-03 20:04:02,850 INFO stopped: sshd (exit status 255)
2017-07-03 20:04:03,001 INFO stopped: httpd (exit status 0)
2017-07-03 20:04:30,111 CRIT Supervisor running as root (no user in config file)
2017-07-03 20:04:30,146 INFO RPC interface 'supervisor' initialized
2017-07-03 20:04:30,146 CRIT Server 'inet_http_server' running without any HTTP authentication checking
2017-07-03 20:04:30,150 INFO supervisord started with pid 1
2017-07-03 20:04:31,154 INFO spawned: 'httpd' with pid 8
2017-07-03 20:04:31,157 INFO spawned: 'sshd' with pid 9
2017-07-03 20:04:31,166 INFO spawned: 'mysql' with pid 10
2017-07-03 20:04:32,549 INFO success: httpd entered RUNNING state, process has stayed up for > than 1 seconds (startsecs)
2017-07-03 20:04:32,550 INFO success: sshd entered RUNNING state, process has stayed up for > than 1 seconds (startsecs)
2017-07-03 20:04:32,551 INFO success: mysql entered RUNNING state, process has stayed up for > than 1 seconds (startsecs)
2017-07-04 08:22:44,748 WARN received SIGTERM indicating exit request
2017-07-04 08:22:44,750 INFO waiting for httpd, sshd, mysql to die
2017-07-04 08:22:45,757 INFO stopped: mysql (exit status 0)
2017-07-04 08:22:45,762 INFO stopped: sshd (exit status 255)
2017-07-04 08:22:45,871 INFO stopped: httpd (exit status 0)
2017-07-04 20:13:21,925 CRIT Supervisor running as root (no user in config file)
2017-07-04 20:13:21,957 INFO RPC interface 'supervisor' initialized
2017-07-04 20:13:21,958 CRIT Server 'inet_http_server' running without any HTTP authentication checking
2017-07-04 20:13:21,962 INFO supervisord started with pid 1
2017-07-04 20:13:22,965 INFO spawned: 'httpd' with pid 9
2017-07-04 20:13:22,972 INFO spawned: 'sshd' with pid 10
2017-07-04 20:13:22,983 INFO spawned: 'mysql' with pid 11
2017-07-04 20:13:24,396 INFO success: httpd entered RUNNING state, process has stayed up for > than 1 seconds (startsecs)
2017-07-04 20:13:24,397 INFO success: sshd entered RUNNING state, process has stayed up for > than 1 seconds (startsecs)
2017-07-04 20:13:24,398 INFO success: mysql entered RUNNING state, process has stayed up for > than 1 seconds (startsecs)
